[2012-03-14 22:44:49] request.ERROR: Symfony\Component\HttpKernel\Exception\NotFoundHttpException: No route found for "GET /" (uncaught exception) at C:\wamp\www\Symfony\vendor\symfony\src\Symfony\Bundle\FrameworkBundle\EventListener\RouterListener.php line 83 [] []
[2012-04-21 11:34:58] request.ERROR: Symfony\Component\HttpKernel\Exception\NotFoundHttpException: No route found for "GET /" (uncaught exception) at C:\wamp\www\symfony\vendor\symfony\src\Symfony\Bundle\FrameworkBundle\EventListener\RouterListener.php line 83 [] []
[2012-05-12 13:11:15] request.ERROR: Symfony\Component\HttpKernel\Exception\NotFoundHttpException: No route found for "GET /app_dev" (uncaught exception) at C:\wamp\www\symfony\app\cache\prod\classes.php line 4564 [] []
[2012-05-12 13:11:29] request.ERROR: Symfony\Component\HttpKernel\Exception\NotFoundHttpException: No route found for "GET /app_dev/blog" (uncaught exception) at C:\wamp\www\symfony\app\cache\prod\classes.php line 4564 [] []
[2012-05-12 13:12:27] request.ERROR: Symfony\Component\HttpKernel\Exception\NotFoundHttpException: No route found for "GET /app_dev/" (uncaught exception) at C:\wamp\www\symfony\app\cache\prod\classes.php line 4564 [] []
[2012-05-12 13:13:12] request.ERROR: Symfony\Component\HttpKernel\Exception\NotFoundHttpException: No route found for "GET /app_dev/blog" (uncaught exception) at C:\wamp\www\symfony\app\cache\prod\classes.php line 4564 [] []
[2012-05-12 13:13:17] request.ERROR: Symfony\Component\HttpKernel\Exception\NotFoundHttpException: No route found for "GET /app_dev/" (uncaught exception) at C:\wamp\www\symfony\app\cache\prod\classes.php line 4564 [] []
[2012-05-12 13:14:19] request.ERROR: Symfony\Component\HttpKernel\Exception\NotFoundHttpException: No route found for "GET /app_dev/article" (uncaught exception) at C:\wamp\www\symfony\app\cache\prod\classes.php line 4564 [] []
[2012-05-12 13:14:24] request.ERROR: Symfony\Component\HttpKernel\Exception\NotFoundHttpException: No route found for "GET /app_dev/article/1" (uncaught exception) at C:\wamp\www\symfony\app\cache\prod\classes.php line 4564 [] []
[2012-05-12 13:15:06] request.ERROR: Symfony\Component\HttpKernel\Exception\NotFoundHttpException: No route found for "GET /app_dev/article/1" (uncaught exception) at C:\wamp\www\symfony\app\cache\prod\classes.php line 4564 [] []
[2012-05-12 13:15:09] request.ERROR: Symfony\Component\HttpKernel\Exception\NotFoundHttpException: No route found for "GET /app_dev/article/1" (uncaught exception) at C:\wamp\www\symfony\app\cache\prod\classes.php line 4564 [] []
[2012-05-12 13:15:20] request.ERROR: Symfony\Component\HttpKernel\Exception\NotFoundHttpException: No route found for "GET /app_dev/blog/article/1" (uncaught exception) at C:\wamp\www\symfony\app\cache\prod\classes.php line 4564 [] []
[2012-05-12 13:15:25] request.ERROR: Symfony\Component\HttpKernel\Exception\NotFoundHttpException: No route found for "GET /app_dev/blog/" (uncaught exception) at C:\wamp\www\symfony\app\cache\prod\classes.php line 4564 [] []
[2012-05-12 13:15:46] request.ERROR: Symfony\Component\HttpKernel\Exception\NotFoundHttpException: No route found for "GET /app_dev/blog/" (uncaught exception) at C:\wamp\www\symfony\app\cache\prod\classes.php line 4564 [] []
[2012-05-12 13:15:51] request.ERROR: Symfony\Component\HttpKernel\Exception\NotFoundHttpException: No route found for "GET /app_dev/blog/" (uncaught exception) at C:\wamp\www\symfony\app\cache\prod\classes.php line 4564 [] []
[2012-05-12 13:15:54] request.ERROR: Symfony\Component\HttpKernel\Exception\NotFoundHttpException: No route found for "GET /app_dev/blog/article/1" (uncaught exception) at C:\wamp\www\symfony\app\cache\prod\classes.php line 4564 [] []
[2012-05-12 13:16:10] request.ERROR: Symfony\Component\HttpKernel\Exception\NotFoundHttpException: No route found for "GET /" (uncaught exception) at C:\wamp\www\symfony\app\cache\prod\classes.php line 4564 [] []
[2012-05-12 13:17:08] request.ERROR: Symfony\Component\HttpKernel\Exception\NotFoundHttpException: No route found for "GET /bundles/coresphereconsole/js/jquery-1.6.2.min.js" (uncaught exception) at C:\wamp\www\symfony\app\cache\prod\classes.php line 4564 [] []
[2012-05-12 13:17:54] request.ERROR: Symfony\Component\HttpKernel\Exception\NotFoundHttpException: No route found for "GET /bundles/coresphereconsole/js/jquery-1.6.2.min.js" (uncaught exception) at C:\wamp\www\symfony\app\cache\prod\classes.php line 4564 [] []
[2012-05-12 13:18:26] request.ERROR: Symfony\Component\HttpKernel\Exception\NotFoundHttpException: No route found for "GET /bundles/coresphereconsole/js/jquery-1.6.2.min.js" (uncaught exception) at C:\wamp\www\symfony\app\cache\prod\classes.php line 4564 [] []
[2012-05-20 01:29:56] request.ERROR: Symfony\Component\HttpKernel\Exception\NotFoundHttpException: No route found for "GET /bundles/coresphereconsole/js/jquery-1.6.2.min.js" (uncaught exception) at C:\wamp\www\symfony\app\cache\prod\classes.php line 4564 [] []
[2012-05-20 01:30:40] request.ERROR: Symfony\Component\HttpKernel\Exception\NotFoundHttpException: No route found for "GET /bundles/coresphereconsole/js/jquery-1.6.2.min.js" (uncaught exception) at C:\wamp\www\symfony\app\cache\prod\classes.php line 4564 [] []
[2012-05-20 01:31:29] request.ERROR: Symfony\Component\HttpKernel\Exception\NotFoundHttpException: No route found for "GET /bundles/coresphereconsole/js/jquery-1.6.2.min.js" (uncaught exception) at C:\wamp\www\symfony\app\cache\prod\classes.php line 4564 [] []
[2012-05-20 01:42:16] request.ERROR: Symfony\Component\HttpKernel\Exception\NotFoundHttpException: No route found for "GET /bundles/coresphereconsole/js/jquery-1.6.2.min.js" (uncaught exception) at C:\wamp\www\symfony\app\cache\prod\classes.php line 4564 [] []
[2012-05-20 01:42:29] request.ERROR: Symfony\Component\HttpKernel\Exception\NotFoundHttpException: No route found for "GET /bundles/coresphereconsole/js/jquery-1.6.2.min.js" (uncaught exception) at C:\wamp\www\symfony\app\cache\prod\classes.php line 4564 [] []
[2012-05-20 01:44:44] request.ERROR: Symfony\Component\HttpKernel\Exception\NotFoundHttpException: No route found for "GET /bundles/coresphereconsole/js/jquery-1.6.2.min.js" (uncaught exception) at C:\wamp\www\symfony\app\cache\prod\classes.php line 4564 [] []
[2012-05-20 02:05:26] request.ERROR: Symfony\Component\HttpKernel\Exception\NotFoundHttpException: No route found for "GET /bundles/coresphereconsole/js/jquery-1.6.2.min.js" (uncaught exception) at C:\wamp\www\symfony\app\cache\prod\classes.php line 4564 [] []
[2012-05-20 02:05:52] request.ERROR: Symfony\Component\HttpKernel\Exception\NotFoundHttpException: No route found for "GET /bundles/coresphereconsole/js/jquery-1.6.2.min.js" (uncaught exception) at C:\wamp\www\symfony\app\cache\prod\classes.php line 4564 [] []
[2012-05-20 02:06:05] request.ERROR: Symfony\Component\HttpKernel\Exception\NotFoundHttpException: No route found for "GET /bundles/coresphereconsole/js/jquery-1.6.2.min.js" (uncaught exception) at C:\wamp\www\symfony\app\cache\prod\classes.php line 4564 [] []
[2012-05-20 02:06:20] request.ERROR: Symfony\Component\HttpKernel\Exception\NotFoundHttpException: No route found for "GET /bundles/coresphereconsole/js/jquery-1.6.2.min.js" (uncaught exception) at C:\wamp\www\symfony\app\cache\prod\classes.php line 4564 [] []
[2012-05-20 02:06:42] request.ERROR: Symfony\Component\HttpKernel\Exception\NotFoundHttpException: No route found for "GET /bundles/coresphereconsole/js/jquery-1.6.2.min.js" (uncaught exception) at C:\wamp\www\symfony\app\cache\prod\classes.php line 4564 [] []
[2012-05-20 02:07:16] request.ERROR: Symfony\Component\HttpKernel\Exception\NotFoundHttpException: No route found for "GET /bundles/coresphereconsole/js/jquery-1.6.2.min.js" (uncaught exception) at C:\wamp\www\symfony\app\cache\prod\classes.php line 4564 [] []
[2012-05-20 02:07:28] request.ERROR: Symfony\Component\HttpKernel\Exception\NotFoundHttpException: No route found for "GET /bundles/coresphereconsole/js/jquery-1.6.2.min.js" (uncaught exception) at C:\wamp\www\symfony\app\cache\prod\classes.php line 4564 [] []
[2012-05-20 02:08:45] request.ERROR: Symfony\Component\HttpKernel\Exception\NotFoundHttpException: No route found for "GET /bundles/coresphereconsole/js/jquery-1.6.2.min.js" (uncaught exception) at C:\wamp\www\symfony\app\cache\prod\classes.php line 4564 [] []
[2012-05-20 02:08:58] request.ERROR: Symfony\Component\HttpKernel\Exception\NotFoundHttpException: No route found for "GET /bundles/coresphereconsole/js/jquery-1.6.2.min.js" (uncaught exception) at C:\wamp\www\symfony\app\cache\prod\classes.php line 4564 [] []
[2012-05-20 02:09:11] request.ERROR: Symfony\Component\HttpKernel\Exception\NotFoundHttpException: No route found for "GET /bundles/coresphereconsole/js/jquery-1.6.2.min.js" (uncaught exception) at C:\wamp\www\symfony\app\cache\prod\classes.php line 4564 [] []
[2012-05-20 02:09:16] request.ERROR: Symfony\Component\HttpKernel\Exception\NotFoundHttpException: No route found for "GET /bundles/coresphereconsole/js/jquery-1.6.2.min.js" (uncaught exception) at C:\wamp\www\symfony\app\cache\prod\classes.php line 4564 [] []
[2012-05-20 02:09:27] request.ERROR: Symfony\Component\HttpKernel\Exception\NotFoundHttpException: No route found for "GET /bundles/coresphereconsole/js/jquery-1.6.2.min.js" (uncaught exception) at C:\wamp\www\symfony\app\cache\prod\classes.php line 4564 [] []
[2012-05-20 02:09:34] request.ERROR: Symfony\Component\HttpKernel\Exception\NotFoundHttpException: No route found for "GET /bundles/coresphereconsole/js/jquery-1.6.2.min.js" (uncaught exception) at C:\wamp\www\symfony\app\cache\prod\classes.php line 4564 [] []
[2012-05-20 02:09:40] request.ERROR: Symfony\Component\HttpKernel\Exception\NotFoundHttpException: No route found for "GET /bundles/coresphereconsole/js/jquery-1.6.2.min.js" (uncaught exception) at C:\wamp\www\symfony\app\cache\prod\classes.php line 4564 [] []
[2012-05-20 02:09:44] request.ERROR: Symfony\Component\HttpKernel\Exception\NotFoundHttpException: No route found for "GET /bundles/coresphereconsole/js/jquery-1.6.2.min.js" (uncaught exception) at C:\wamp\www\symfony\app\cache\prod\classes.php line 4564 [] []
